<?xml version="1.0" encoding="UTF-8"?>
<!-- Generated by org.testng.reporters.JUnitXMLReporter -->
<testsuite ignored="1" hostname="Keshav-PC" failures="0" tests="1" name="Default test" time="1582.136" errors="0" timestamp="2019-12-20T13:41:44 NZDT">
  <testcase classname="com.mystore.qa.testcases.AddAddressPageTest" name="addAddressPageTest" time="0.0">
    <skipped/>
  </testcase> <!-- addAddressPageTest -->
  <testcase classname="com.mystore.qa.testcases.AddAddressPageTest" name="validateaddresspage" time="0.0">
    <ignored/>
  </testcase> <!-- validateaddresspage -->
</testsuite> <!-- Default test -->
