<?xml version="1.0" encoding="UTF-8"?>
<testng-results ignored="0" total="8" passed="8" failed="0" skipped="0">
  <reporter-output>
  </reporter-output>
  <suite started-at="2019-12-24T16:53:58 NZDT" name="E-commerce Application Test Automation Test suite" finished-at="2019-12-24T16:56:25 NZDT" duration-ms="147557">
    <groups>
    </groups>
    <test started-at="2019-12-24T16:53:58 NZDT" name="E-commerce App Test Cases" finished-at="2019-12-24T16:56:25 NZDT" duration-ms="147557">
      <class name="com.mystore.qa.testcases.MyAccountPageTest">
        <test-method is-config="true" signature="setup()[pri:0, instance:com.mystore.qa.testcases.MyAccountPageTest@3c9d0b9d]" started-at="2019-12-24T16:54:52 NZDT" name="setup" finished-at="2019-12-24T16:55:09 NZDT" duration-ms="16914" status="PASS">
          <reporter-output>
          </reporter-output>
        </test-method> <!-- setup -->
        <test-method signature="validateMyAccountPageTitleTest()[pri:1, instance:com.mystore.qa.testcases.MyAccountPageTest@3c9d0b9d]" started-at="2019-12-24T16:55:09 NZDT" name="validateMyAccountPageTitleTest" finished-at="2019-12-24T16:55:09 NZDT" duration-ms="35" status="PASS">
          <reporter-output>
          </reporter-output>
        </test-method> <!-- validateMyAccountPageTitleTest -->
        <test-method is-config="true" signature="teardown()[pri:0, instance:com.mystore.qa.testcases.MyAccountPageTest@3c9d0b9d]" started-at="2019-12-24T16:55:09 NZDT" name="teardown" finished-at="2019-12-24T16:55:10 NZDT" duration-ms="821" status="PASS">
          <reporter-output>
          </reporter-output>
        </test-method> <!-- teardown -->
        <test-method is-config="true" signature="setup()[pri:0, instance:com.mystore.qa.testcases.MyAccountPageTest@3c9d0b9d]" started-at="2019-12-24T16:55:10 NZDT" name="setup" finished-at="2019-12-24T16:55:26 NZDT" duration-ms="16431" status="PASS">
          <reporter-output>
          </reporter-output>
        </test-method> <!-- setup -->
        <test-method signature="validateLabelTest()[pri:2, instance:com.mystore.qa.testcases.MyAccountPageTest@3c9d0b9d]" started-at="2019-12-24T16:55:26 NZDT" name="validateLabelTest" finished-at="2019-12-24T16:55:26 NZDT" duration-ms="126" status="PASS">
          <reporter-output>
          </reporter-output>
        </test-method> <!-- validateLabelTest -->
        <test-method is-config="true" signature="teardown()[pri:0, instance:com.mystore.qa.testcases.MyAccountPageTest@3c9d0b9d]" started-at="2019-12-24T16:55:26 NZDT" name="teardown" finished-at="2019-12-24T16:55:27 NZDT" duration-ms="851" status="PASS">
          <reporter-output>
          </reporter-output>
        </test-method> <!-- teardown -->
        <test-method is-config="true" signature="setup()[pri:0, instance:com.mystore.qa.testcases.MyAccountPageTest@3c9d0b9d]" started-at="2019-12-24T16:55:27 NZDT" name="setup" finished-at="2019-12-24T16:55:44 NZDT" duration-ms="17099" status="PASS">
          <reporter-output>
          </reporter-output>
        </test-method> <!-- setup -->
        <test-method signature="validateSearchTextImageTest()[pri:3, instance:com.mystore.qa.testcases.MyAccountPageTest@3c9d0b9d]" started-at="2019-12-24T16:55:44 NZDT" name="validateSearchTextImageTest" finished-at="2019-12-24T16:55:44 NZDT" duration-ms="133" status="PASS">
          <reporter-output>
          </reporter-output>
        </test-method> <!-- validateSearchTextImageTest -->
        <test-method is-config="true" signature="teardown()[pri:0, instance:com.mystore.qa.testcases.MyAccountPageTest@3c9d0b9d]" started-at="2019-12-24T16:55:44 NZDT" name="teardown" finished-at="2019-12-24T16:55:45 NZDT" duration-ms="723" status="PASS">
          <reporter-output>
          </reporter-output>
        </test-method> <!-- teardown -->
        <test-method is-config="true" signature="setup()[pri:0, instance:com.mystore.qa.testcases.MyAccountPageTest@3c9d0b9d]" started-at="2019-12-24T16:55:45 NZDT" name="setup" finished-at="2019-12-24T16:56:02 NZDT" duration-ms="16869" status="PASS">
          <reporter-output>
          </reporter-output>
        </test-method> <!-- setup -->
        <test-method signature="validateSearchTest()[pri:4, instance:com.mystore.qa.testcases.MyAccountPageTest@3c9d0b9d]" started-at="2019-12-24T16:56:02 NZDT" name="validateSearchTest" finished-at="2019-12-24T16:56:04 NZDT" duration-ms="2460" status="PASS">
          <reporter-output>
          </reporter-output>
        </test-method> <!-- validateSearchTest -->
        <test-method is-config="true" signature="teardown()[pri:0, instance:com.mystore.qa.testcases.MyAccountPageTest@3c9d0b9d]" started-at="2019-12-24T16:56:04 NZDT" name="teardown" finished-at="2019-12-24T16:56:06 NZDT" duration-ms="1217" status="PASS">
          <reporter-output>
          </reporter-output>
        </test-method> <!-- teardown -->
      </class> <!-- com.mystore.qa.testcases.MyAccountPageTest -->
      <class name="com.mystore.qa.testcases.MyAddressPageTest">
        <test-method is-config="true" signature="setup()[pri:0, instance:com.mystore.qa.testcases.MyAddressPageTest@43301423]" started-at="2019-12-24T16:56:06 NZDT" name="setup" finished-at="2019-12-24T16:56:24 NZDT" duration-ms="18806" status="PASS">
          <reporter-output>
          </reporter-output>
        </test-method> <!-- setup -->
        <test-method signature="validateMyAddressTitleTest()[pri:1, instance:com.mystore.qa.testcases.MyAddressPageTest@43301423]" started-at="2019-12-24T16:56:24 NZDT" name="validateMyAddressTitleTest" finished-at="2019-12-24T16:56:24 NZDT" duration-ms="30" status="PASS">
          <reporter-output>
          </reporter-output>
        </test-method> <!-- validateMyAddressTitleTest -->
        <test-method is-config="true" signature="teardown()[pri:0, instance:com.mystore.qa.testcases.MyAddressPageTest@43301423]" started-at="2019-12-24T16:56:24 NZDT" name="teardown" finished-at="2019-12-24T16:56:25 NZDT" duration-ms="726" status="PASS">
          <reporter-output>
          </reporter-output>
        </test-method> <!-- teardown -->
      </class> <!-- com.mystore.qa.testcases.MyAddressPageTest -->
      <class name="com.mystore.qa.testcases.LoginPageTest">
        <test-method is-config="true" signature="setup()[pri:0, instance:com.mystore.qa.testcases.LoginPageTest@6dbb137d]" started-at="2019-12-24T16:53:58 NZDT" name="setup" finished-at="2019-12-24T16:54:17 NZDT" duration-ms="19610" status="PASS">
          <reporter-output>
          </reporter-output>
        </test-method> <!-- setup -->
        <test-method signature="loginPageTitleTest()[pri:1, instance:com.mystore.qa.testcases.LoginPageTest@6dbb137d]" started-at="2019-12-24T16:54:17 NZDT" name="loginPageTitleTest" finished-at="2019-12-24T16:54:17 NZDT" duration-ms="50" status="PASS">
          <reporter-output>
          </reporter-output>
        </test-method> <!-- loginPageTitleTest -->
        <test-method is-config="true" signature="teardown()[pri:0, instance:com.mystore.qa.testcases.LoginPageTest@6dbb137d]" started-at="2019-12-24T16:54:17 NZDT" name="teardown" finished-at="2019-12-24T16:54:18 NZDT" duration-ms="944" status="PASS">
          <reporter-output>
          </reporter-output>
        </test-method> <!-- teardown -->
        <test-method is-config="true" signature="setup()[pri:0, instance:com.mystore.qa.testcases.LoginPageTest@6dbb137d]" started-at="2019-12-24T16:54:18 NZDT" name="setup" finished-at="2019-12-24T16:54:33 NZDT" duration-ms="14590" status="PASS">
          <reporter-output>
          </reporter-output>
        </test-method> <!-- setup -->
        <test-method signature="mystoreLogoTest()[pri:2, instance:com.mystore.qa.testcases.LoginPageTest@6dbb137d]" started-at="2019-12-24T16:54:33 NZDT" name="mystoreLogoTest" finished-at="2019-12-24T16:54:33 NZDT" duration-ms="232" status="PASS">
          <reporter-output>
          </reporter-output>
        </test-method> <!-- mystoreLogoTest -->
        <test-method is-config="true" signature="teardown()[pri:0, instance:com.mystore.qa.testcases.LoginPageTest@6dbb137d]" started-at="2019-12-24T16:54:33 NZDT" name="teardown" finished-at="2019-12-24T16:54:34 NZDT" duration-ms="765" status="PASS">
          <reporter-output>
          </reporter-output>
        </test-method> <!-- teardown -->
        <test-method is-config="true" signature="setup()[pri:0, instance:com.mystore.qa.testcases.LoginPageTest@6dbb137d]" started-at="2019-12-24T16:54:34 NZDT" name="setup" finished-at="2019-12-24T16:54:49 NZDT" duration-ms="15059" status="PASS">
          <reporter-output>
          </reporter-output>
        </test-method> <!-- setup -->
        <test-method signature="loginTest()[pri:3, instance:com.mystore.qa.testcases.LoginPageTest@6dbb137d]" started-at="2019-12-24T16:54:49 NZDT" name="loginTest" finished-at="2019-12-24T16:54:51 NZDT" duration-ms="2164" status="PASS">
          <reporter-output>
          </reporter-output>
        </test-method> <!-- loginTest -->
        <test-method is-config="true" signature="teardown()[pri:0, instance:com.mystore.qa.testcases.LoginPageTest@6dbb137d]" started-at="2019-12-24T16:54:51 NZDT" name="teardown" finished-at="2019-12-24T16:54:52 NZDT" duration-ms="766" status="PASS">
          <reporter-output>
          </reporter-output>
        </test-method> <!-- teardown -->
      </class> <!-- com.mystore.qa.testcases.LoginPageTest -->
    </test> <!-- E-commerce App Test Cases -->
  </suite> <!-- E-commerce Application Test Automation Test suite -->
</testng-results>
