<?xml version="1.0" encoding="UTF-8"?>
<!-- Generated by org.testng.reporters.JUnitXMLReporter -->
<testsuite ignored="0" hostname="Keshav-PC" failures="0" tests="8" name="E-commerce App Test Cases" time="147.557" errors="0" timestamp="2019-12-24T16:56:25 NZDT">
  <testcase classname="com.mystore.qa.testcases.LoginPageTest" name="loginPageTitleTest" time="0.05"/>
  <testcase classname="com.mystore.qa.testcases.LoginPageTest" name="mystoreLogoTest" time="0.232"/>
  <testcase classname="com.mystore.qa.testcases.LoginPageTest" name="loginTest" time="2.164"/>
  <testcase classname="com.mystore.qa.testcases.MyAccountPageTest" name="validateMyAccountPageTitleTest" time="0.035"/>
  <testcase classname="com.mystore.qa.testcases.MyAccountPageTest" name="validateLabelTest" time="0.126"/>
  <testcase classname="com.mystore.qa.testcases.MyAccountPageTest" name="validateSearchTextImageTest" time="0.133"/>
  <testcase classname="com.mystore.qa.testcases.MyAccountPageTest" name="validateSearchTest" time="2.46"/>
  <testcase classname="com.mystore.qa.testcases.MyAddressPageTest" name="validateMyAddressTitleTest" time="0.03"/>
</testsuite> <!-- E-commerce App Test Cases -->
